0 0
3 0
8 0
15 0
24 0
35 0
48 0
63 0
80 0
99 0
120 0
143 0
168 0
195 0
224 0
255 0
288 0
323 0
360 0
399 0
440 0
483 0
528 0
575 0
624 0
675 0
728 0
783 0
840 0
899 0
960 0
1023 0
1088 0
1155 0
1224 0
1295 0
1368 0
1443 0
1520 0
1599 0
1680 0
1763 0
1848 0
1935 0
2024 0
2115 0
2208 0
2303 0
2400 0
2499 0
2600 0
2703 0
2808 0
2915 0
3024 0
3135 0
3248 0
3363 0
3480 0
3599 0
3720 0
3843 0
3968 0
4095 0
4224 0
4355 0
4488 0
4623 0
4760 0
4899 0
5040 0
5183 0
5328 0
5475 0
5624 0
5775 0
5928 0
6083 0
6240 0
6399 0
6560 0
6723 0
6888 0
7055 0
7224 0
7395 0
7568 0
7743 0
7920 0
8099 0
8280 0
8463 0
8648 0
8835 0
9024 0
9215 0
9408 0
9603 0
9800 0
9999 0
10000 0
10041 0
10091 0
10108 0
10205 0
10270 0
10293 0
10315 0
10409 0
10417 0
10423 0
10426 0
10470 0
10486 0
10496 0
10547 0
10645 0
10707 0
10786 0
10855 0
10862 0
10923 0
11022 0
11102 0
11167 0
11178 0
11220 0
11293 0
11377 0
11429 0
11461 0
11519 0
11523 0
11574 0
11595 0
11619 0
11717 0
11801 0
11832 0
11911 0
11980 0
12028 0
12031 0
12044 0
12097 0
12139 0
12170 0
12184 0
12227 0
12312 0
12360 0
12423 0
12487 0
12531 0
12588 0
12601 0
12677 0
12770 0
12808 0
12906 0
12919 0
13001 0
13026 0
13090 0
13093 0
13101 0
13152 0
13208 0
13301 0
13368 0
13393 0
13421 0
13506 0
13604 0
13618 0
13691 0
13762 0
13794 0
13833 0
13853 0
13853 0
13912 0
13979 0
14030 0
14127 0
14210 0
14229 0
14317 0
14323 0
14356 0
14388 0
14421 0
14493 0
14563 0
14602 0
14673 0
14764 0
14766 0
14800 0
14800 0
