0 0
3 0
8 200
13 200
18 200
25 500
32 500
41 800
48 1100
55 1100
62 1100
71 1500
80 1500
89 1500
96 1500
105 1500
116 1800
125 1800
136 2200
147 2500
158 2800
169 3100
180 3600
189 3600
198 3600
209 3600
220 3900
231 4200
242 4500
253 4900
264 4900
275 4900
286 5200
297 5200
308 5200
319 5200
330 5200
343 5500
356 5900
367 6200
378 6200
389 6200
400 6200
411 6200
424 6200
437 6500
448 6500
461 6800
472 6800
485 7100
498 7400
511 7400
524 7800
537 7800
550 7800
563 7800
574 7800
585 7800
598 8200
611 8200
624 8200
637 8200
652 8500
665 8800
680 9300
695 9600
708 9900
721 9900
736 10300
749 10600
762 10600
775 10600
788 11000
803 11500
818 11500
833 12000
846 12000
861 12300
874 12300
889 12700
900 12700
915 13000
930 13400
945 13700
958 13700
973 13700
988 14100
1003 14400
1018 14400
1031 14400
1046 14800
1061 15100
1074 15100
1089 15400
1104 15700
1119 15700
1134 15700
1147 16000
1160 16000
1173 16000
1188 16300
1203 16300
1218 16300
1235 16600
1250 16600
1261 16600
1276 16600
1291 17100
1306 17100
1321 17100
1336 17400
1351 17400
1368 17900
1383 17900
1400 18200
1415 18200
1432 18600
1447 18900
1462 19300
1477 19700
1492 20000
1507 20000
1522 20300
1537 20700
1552 20700
1567 20700
1584 21200
1601 21600
1616 21600
1629 21600
1646 21600
1659 21600
1672 21600
1685 21600
1700 21600
1715 21600
1730 21600
1745 21900
1762 22300
1777 22600
1792 22900
1807 22900
1824 23200
1839 23200
1852 23500
1869 23900
1884 23900
1897 23900
1912 23900
1927 23900
1942 23900
1959 23900
1976 23900
1991 24200
2008 24200
2025 24700
2040 24700
2055 24700
2072 25100
2087 25100
2102 25100
2117 25100
2132 25400
2149 25700
2166 26100
2183 26100
2198 26100
2213 26100
2230 26100
2247 26100
2264 26400
2279 26400
2298 26700
2317 27000
2332 27000
2347 27000
2364 27000
2381 27000
2398 27400
2413 27400
2430 27700
2445 27700
2462 28100
2479 28100
2494 28100
2511 28400
2530 28700
2547 29100
2562 29100
2579 29400
2596 29700
2613 30000
2630 30300
2647 30600
2664 30600
2679 30600
2694 30600
2713 31000
2732 31400
2747 31700
2764 32000
2779 32000
2796 32400
2813 32800
2830 33300
2845 33300
2862 33300
2879 33300
2896 33600
2913 33900
2930 33900
2947 34200
2964 34200
2983 34600
3000 34600
3015 34600
3032 34600
3049 34600
3064 34600
3081 34600
3100 35000
3117 35000
3134 35300
3153 35600
3168 35600
3185 36000
3202 36300
3219 36300
3236 36600
3253 37000
3272 37500
3289 37500
3308 37800
3323 37800
3338 37800
3357 38200
3376 38600
3395 39000
3414 39000
3431 39300
3450 39600
3467 39900
3486 40300
3501 40300
3520 40600
3537 40600
3552 40900
3569 40900
3584 41200
3603 41500
3618 41500
3635 41500
3652 41500
3669 41500
3686 41500
3703 41500
3718 41500
3735 41800
3754 42200
3771 42200
3788 42200
3807 42200
3826 42200
3843 42200
3858 42500
3873 42500
3892 42500
3909 42500
3928 42500
3947 42500
3964 42500
3981 42500
3996 42500
4013 42500
4030 42900
4049 43400
4066 43700
4081 43700
4096 43700
4111 43700
4128 43700
4145 43700
4166 44000
4183 44300
4202 44300
4221 44300
4238 44600
4255 44900
4272 44900
4289 44900
4306 45300
4323 45300
4340 45300
4359 45700
4380 46000
4397 46000
4414 46000
4433 46300
4450 46300
4467 46300
4486 46300
4503 46300
4520 46600
4539 46600
4558 46600
4575 46600
4594 46900
4611 46900
4628 46900
4645 47200
4662 47200
4683 47600
4704 47900
4723 48300
4740 48600
4759 48900
4776 48900
4793 48900
4810 48900
4831 49300
4850 49600
4869 49900
4888 49900
4905 49900
4920 49900
4939 50400
4958 50800
4977 51100
4994 51400
5011 51400
5030 51800
5047 52100
5066 52400
5085 52700
5102 52700
5121 52700
5140 53000
5157 53000
5176 53300
5195 53700
5216 54100
5237 54400
5256 54700
5275 54700
5296 55100
5315 55400
5336 55700
5357 56100
5376 56100
5395 56100
5412 56100
5431 56500
5446 56500
5465 56800
5480 56800
5497 56800
5514 56800
5531 56800
5552 57100
5573 57100
5594 57500
5611 57500
5630 57500
5651 58000
5670 58000
5687 58000
5706 58000
5725 58000
5742 58000
5759 58000
5780 58300
5797 58600
5814 58600
5835 59000
5854 59000
5873 59300
5890 59300
5911 59300
5932 59300
5951 59300
5970 59300
5989 59600
6008 59900
6029 60200
6046 60200
6063 60600
6086 60900
6103 61300
6122 61300
6137 61300
6154 61300
6171 61300
6192 61600
6213 62000
6228 62000
6249 62400
6268 62400
6287 62700
6306 63100
6325 63100
6346 63400
6365 63400
6386 63400
6401 63400
6420 63700
6441 63700
6462 64000
6479 64000
6500 64000
6519 64000
6534 64000
6551 64000
6568 64000
6589 64300
6606 64300
6627 64800
6646 64800
6665 65100
6684 65100
6703 65500
6724 65500
6743 65500
6760 65500
6777 65500
6796 65500
6813 65900
6832 66200
6851 66500
6868 66500
6889 66900
6908 67200
6929 67200
6946 67200
6963 67500
6982 67800
7003 68100
7022 68100
7041 68500
7060 68500
7081 68800
7098 68800
7115 68800
7134 69200
7149 69200
7168 69500
7187 69500
7208 69800
7227 69800
7244 70200
7263 70200
7282 70200
7305 70500
7324 70500
7343 70500
7364 70500
7385 70900
7402 70900
7421 71200
7442 71200
7459 71200
7480 71200
7499 71200
7518 71700
7539 72000
7558 72300
7575 72300
7592 72300
7613 72300
7630 72300
7649 72300
7668 72300
7689 72700
7710 72700
7727 73000
7748 73000
7767 73000
7788 73300
7807 73600
7824 73900
7845 74300
7866 74600
7887 74900
7904 74900
7925 75300
7946 75700
7963 76000
7984 76300
8005 76300
8026 76600
8047 76900
8068 77300
8085 77300
8104 77300
8125 77300
8146 77600
8165 77600
8186 77600
8203 77600
8224 77900
8243 77900
8262 78200
8279 78500
8300 78500
8323 78800
8340 78800
8359 78800
8380 79100
8403 79400
8420 79700
8437 79700
8458 80200
8479 80500
8498 80500
8513 80500
8530 80500
8551 80500
8566 80500
8585 80500
8604 80500
8625 80500
8644 81000
8663 81000
8684 81300
8705 81700
8726 81700
8747 82000
8768 82400
8789 82400
8808 82400
8827 82900
8844 83200
8865 83200
8884 83200
8905 83500
8926 83800
8947 84100
8968 84400
8989 84800
9008 84800
9029 85100
9048 85100
9067 85100
9086 85500
9107 85500
9128 85500
9149 85900
9166 86200
9187 86600
9206 86600
9225 86900
9244 86900
9263 86900
9282 87200
9303 87200
9324 87200
9341 87200
9356 87200
9377 87200
9396 87500
9415 87800
9436 87800
9457 88100
9480 88500
9501 88500
9522 88800
9541 88800
9562 88800
9585 89100
9604 89100
9623 89100
9644 89500
9663 89500
9682 89500
9701 89800
9718 89800
9739 90100
9760 90100
9781 90400
9798 90400
9817 90800
9836 91100
9857 91100
9878 91100
9899 91500
9918 91900
9939 92200
9960 92200
9981 92200
9998 92200
10017 92200
10038 92600
10057 93000
10076 93000
10095 93300
10116 93300
10135 93300
10158 93600
10175 93600
10194 93900
10213 93900
10234 93900
10255 94400
10276 94700
10293 94700
10312 95100
10331 95100
10352 95500
10373 95500
10394 95800
10413 95800
10434 95800
10451 95800
10470 95800
10489 96200
10512 96600
10533 97000
10554 97300
10573 97300
10590 97300
10607 97300
10626 97300
10645 97600
10666 97900
10685 97900
10702 98200
10725 98600
10746 98600
10767 99000
10788 99400
10807 99800
10828 100200
10849 100200
10868 100200
10887 100200
10908 100700
10925 100700
10942 100700
10965 101100
10986 101100
11007 101500
11028 101500
11051 101800
11072 102200
11093 102200
11110 102500
11129 102500
11146 102500
11163 102500
11182 102500
11203 102900
11224 103200
11245 103200
11266 103200
11289 103500
11312 103500
11331 103500
11350 103500
11371 103800
11392 103800
11411 104100
11434 104400
11455 104400
11472 104400
11491 104400
11510 104700
11529 105200
11552 105700
11573 105700
11592 105700
11615 106000
11636 106300
11655 106300
11674 106300
11695 106600
11714 106600
11737 106600
11756 106900
11777 106900
11800 107300
11819 107600
11840 107600
11857 107600
11876 107600
11895 107600
11914 107600
11935 108000
11954 108300
11975 108600
11996 108900
12017 108900
12038 108900
12057 108900
12078 109200
12099 109500
12118 109500
12139 109800
12160 110100
12181 110500
12198 110500
12217 110800
12236 110800
12255 111200
12274 111200
12293 111200
12312 111200
12331 111200
12350 111200
12371 111500
12390 111500
12411 111900
12432 112200
12451 112500
12474 112500
12497 112500
12516 112800
12539 112800
12558 112800
12579 112800
12598 112800
12621 113300
12638 113300
12659 113600
12680 113600
12699 113900
12718 114400
12741 114400
12760 114400
12781 114700
12800 114700
12819 114700
12838 114700
12859 114700
12880 115100
12901 115400
12920 115400
12939 115400
12958 115700
12977 115700
12998 115700
13017 116100
13038 116500
13059 116800
13080 116800
13097 116800
13118 117100
13139 117400
13158 117400
13181 117800
13202 117800
13221 117800
13238 117800
13261 118100
13282 118400
13307 118700
13328 118700
13351 119200
13370 119200
13393 119200
13416 119500
13437 119500
13456 119500
13475 119800
13496 119800
13517 120100
13542 120500
13563 120800
13584 121200
13605 121200
13624 121500
13645 121800
13666 121800
13685 121800
13706 122200
13725 122200
13744 122200
13765 122200
13788 122500
13809 122800
13830 123200
13851 123500
13872 123900
13893 124200
13914 124200
13937 124500
13958 124800
13979 125100
13998 125100
14017 125100
14036 125100
14057 125500
14076 125500
14097 125500
14116 125800
14137 125800
14156 125800
14177 126200
14200 126500
14221 126500
14242 126500
14259 126500
14280 126800
14301 126800
14320 126800
14339 126800
14360 126800
14381 126800
14402 127100
14423 127100
14444 127100
14465 127500
14486 127800
14507 127800
14530 128100
14551 128400
14570 128400
14589 128400
14608 128400
14629 128400
14650 128400
14673 128700
14694 129100
14715 129100
14736 129100
14759 129500
14780 129800
14801 129800
14820 130100
14841 130500
14862 130500
14885 130900
14906 130900
14925 130900
14946 130900
14967 130900
14988 131200
15009 131700
15030 131700
15051 131700
15072 131700
15093 131700
15112 131700
15133 131700
15154 131700
15177 132000
15196 132300
15217 132300
15240 132700
15261 132700
15284 133000
15305 133300
15326 133300
15347 133800
15368 133800
15387 133800
15406 133800
15427 133800
15450 133800
15471 133800
15492 134100
15511 134100
15532 134100
15553 134500
15576 134500
15599 134500
15622 134800
15641 134800
15660 134800
15679 134800
15700 134800
15723 135300
15744 135600
15765 136000
15786 136000
15807 136300
15830 136600
15851 136900
15870 136900
15893 137400
15914 137800
15935 138100
15958 138400
15981 138700
16002 138700
16021 138700
16040 138700
16059 138700
16084 139000
16103 139000
16124 139000
16143 139000
16164 139000
16187 139400
16208 139400
16229 139400
16252 139700
16273 140000
16294 140000
16315 140000
16336 140000
16357 140300
16376 140300
16397 140600
16418 140600
16439 140900
16464 141200
16487 141200
16508 141200
16529 141200
16554 141500
16575 141500
16596 141500
16619 141800
16640 142100
16659 142100
16680 142100
16703 142500
16724 142500
16747 142500
16768 143000
16791 143000
16810 143000
16829 143000
16850 143300
16871 143300
16894 143600
16915 143900
16936 143900
16957 144300
16976 144300
16999 144600
17020 144600
17041 145000
17062 145000
17087 145400
17106 145400
17125 145400
17144 145400
17163 145400
17184 145400
17205 145400
17226 145800
17249 146200
17268 146200
17287 146200
17308 146200
17329 146200
17350 146600
17373 146900
17394 146900
17419 147200
17438 147200
17461 147700
17482 148100
17507 148400
17528 148400
17547 148400
17570 148900
17593 149200
17614 149200
17635 149200
17656 149200
17679 149200
17698 149200
17719 149600
17738 149600
17759 149600
17780 149900
17803 150300
17826 150600
17847 150600
17866 150600
17889 150900
17912 151200
17933 151200
17956 151500
17979 151900
18000 151900
18021 151900
18042 152200
18059 152200
18082 152600
18103 152900
18124 152900
18145 152900
18164 152900
18187 153200
18208 153200
18227 153200
18250 153200
18271 153500
18292 153500
18315 153500
18336 153800
18359 154100
18382 154100
18403 154100
18424 154100
18445 154400
18466 154800
18485 154800
18493 154800
18502 154800
18509 154800
18517 154800
18522 154800
18532 154800
18540 154800
18550 154800
18560 154800
18569 154800
18576 154800
18584 154800
18591 154800
18600 154800
18608 154800
18614 154800
18622 154800
18630 154800
18636 154800
18644 154800
18654 154800
18662 154800
18672 154800
18681 154800
18690 154800
18700 154800
18707 154800
18716 154800
18721 154800
18729 154800
18737 154800
18746 154800
18755 154800
18764 154800
18771 154800
18781 154800
18790 154800
18798 154800
18807 154800
18813 154800
18822 154800
18833 154800
18843 154800
18848 154800
18855 154800
18865 154800
18872 154800
18877 154800
18886 154800
18890 154800
18899 154800
18908 154800
18913 154800
18922 154800
18929 154800
18938 154800
18948 154800
18954 154800
18963 154800
18971 154800
18978 154800
18984 154800
18992 154800
19001 154800
19009 154800
19018 154800
19028 154800
19037 154800
19044 154800
19052 154800
19060 154800
19070 154800
19075 154800
19083 154800
19086 154800
19090 154800
19099 154800
19108 154800
19119 154800
19129 154800
19138 154800
19146 154800
19156 154800
19166 154800
19173 154800
19182 154800
19191 154800
19198 154800
19205 154800
19214 154800
19222 154800
19230 154800
19239 154800
19248 154800
19258 154800
19265 154800
19273 154800
19282 154800
19293 154800
19301 154800
19310 154800
19318 154800
19326 154800
19335 154800
19342 154800
19352 154800
19356 154800
19366 154800
19372 154800
19382 154800
19391 154800
19400 154800
19409 154800
19418 154800
19426 154800
19435 154800
19445 154800
19452 154800
19462 154800
19470 154800
19479 154800
19486 154800
19495 154800
19504 154800
19512 154800
19519 154800
19525 154800
19532 154800
19541 154800
19550 154800
19557 154800
19565 154800
19568 154800
19576 154800
19583 154800
19589 154800
19598 154800
19607 154800
19615 154800
19619 154800
19626 154800
19635 154800
19643 154800
19650 154800
19658 154800
19666 154800
19674 154800
19681 154800
19685 154800
19693 154800
19702 154800
19711 154800
19721 154800
19728 154800
19736 154800
19745 154800
19749 154800
19758 154800
19767 154800
19775 154800
19783 154800
19791 154800
19800 154800
19809 154800
19816 154800
19825 154800
19833 154800
19837 154800
19845 154800
19854 154800
19862 154800
19870 154800
19880 154800
19889 154800
19894 154800
19900 154800
19909 154800
19919 154800
19927 154800
19936 154800
19944 154800
19951 154800
19958 154800
19967 154800
19975 154800
19981 154800
19989 154800
19999 154800
20003 154800
20012 154800
20023 154800
20033 154800
20041 154800
20050 154800
20059 154800
20069 154800
20075 154800
20082 154800
20090 154800
20100 154800
20109 154800
20117 154800
20126 154800
20134 154800
20138 154800
20148 154800
20157 154800
20168 154800
20174 154800
20181 154800
20189 154800
20196 154800
20204 154800
20215 154800
20223 154800
20232 154800
20240 154800
20248 154800
20258 154800
20266 154800
20275 154800
20284 154800
20293 154800
20304 154800
20312 154800
20323 154800
20331 154800
20338 154800
20345 154800
20355 154800
20364 154800
20372 154800
20377 154800
20384 154800
20392 154800
20400 154800
20407 154800
20415 154800
20423 154800
20432 154800
20442 154800
20451 154800
20460 154800
20468 154800
20478 154800
20481 154800
20489 154800
20497 154800
20506 154800
20515 154800
20523 154800
20532 154800
20540 154800
20549 154800
20557 154800
20565 154800
20574 154800
20583 154800
20592 154800
20601 154800
20610 154800
20618 154800
20625 154800
20636 154800
20641 154800
20648 154800
20656 154800
20666 154800
20672 154800
20681 154800
20688 154800
20697 154800
20706 154800
20716 154800
20724 154800
20733 154800
20743 154800
20751 154800
20760 154800
20770 154800
20777 154800
20785 154800
20794 154800
20803 154800
20813 154800
20820 154800
20827 154800
20836 154800
20845 154800
20855 154800
20859 154800
20868 154800
20878 154800
20887 154800
20896 154800
20905 154800
20912 154800
20918 154800
20928 154800
20936 154800
20944 154800
20954 154800
20963 154800
20970 154800
20980 154800
20988 154800
20997 154800
21005 154800
21012 154800
21022 154800
21030 154800
21040 154800
21046 154800
21054 154800
21064 154800
21073 154800
21081 154800
21089 154800
21099 154800
21108 154800
21117 154800
21125 154800
21135 154800
21145 154800
21155 154800
21162 154800
21171 154800
21180 154800
21187 154800
21197 154800
21206 154800
21214 154800
21222 154800
21231 154800
21240 154800
21249 154800
21256 154800
21266 154800
21275 154800
21283 154800
21291 154800
21302 154800
21312 154800
21319 154800
21327 154800
21337 154800
21347 154800
21355 154800
21359 154800
21363 154800
21371 154800
21380 154800
21389 154800
21396 154800
21404 154800
21413 154800
21424 154800
21433 154800
21443 154800
21451 154800
21459 154800
21467 154800
21471 154800
21475 154800
21484 154800
21493 154800
21503 154800
21508 154800
21515 154800
21524 154800
21532 154800
21540 154800
21548 154800
21555 154800
21560 154800
21567 154800
21575 154800
21583 154800
21592 154800
21601 154800
21610 154800
21618 154800
21628 154800
21638 154800
21646 154800
21655 154800
21663 154800
21672 154800
21682 154800
21687 154800
21694 154800
21697 154800
21706 154800
21715 154800
21724 154800
21732 154800
21738 154800
21747 154800
21757 154800
21767 154800
21776 154800
21786 154800
21796 154800
21804 154800
21810 154800
21818 154800
21827 154800
21833 154800
21840 154800
21847 154800
21855 154800
21861 154800
21870 154800
21878 154800
21888 154800
21897 154800
21908 154800
21914 154800
21920 154800
21929 154800
21936 154800
21944 154800
21953 154800
21962 154800
21969 154800
21977 154800
21982 154800
21989 154800
21996 154800
22005 154800
22013 154800
22023 154800
22030 154800
22036 154800
22045 154800
22054 154800
22060 154800
22069 154800
22079 154800
22088 154800
22099 154800
22108 154800
22116 154800
22124 154800
22132 154800
22139 154800
22147 154800
22156 154800
22164 154800
22171 154800
22179 154800
22190 154800
22200 154800
22209 154800
22217 154800
22223 154800
22232 154800
22240 154800
22247 154800
22258 154800
22267 154800
22275 154800
22283 154800
22290 154800
22299 154800
22307 154800
22317 154800
22328 154800
22336 154800
22342 154800
22351 154800
22360 154800
22370 154800
22378 154800
22383 154800
22390 154800
22399 154800
22408 154800
22415 154800
22420 154800
22426 154800
22434 154800
22442 154800
22453 154800
22461 154800
22470 154800
22479 154800
22486 154800
22494 154800
22502 154800
22510 154800
22518 154800
22528 154800
22537 154800
22546 154800
22554 154800
22562 154800
22568 154800
22577 154800
22585 154800
22594 154800
22601 154800
22610 154800
22619 154800
22626 154800
22634 154800
22640 154800
22647 154800
22655 154800
22661 154800
22670 154800
22680 154800
22686 154800
22697 154800
22704 154800
22710 154800
22719 154800
22730 154800
22735 154800
22744 154800
22752 154800
22761 154800
22769 154800
22777 154800
22780 154800
22789 154800
22797 154800
22806 154800
22815 154800
22821 154800
22830 154800
22835 154800
22844 154800
22854 154800
22863 154800
22870 154800
22876 154800
22884 154800
22894 154800
22904 154800
22911 154800
22921 154800
22929 154800
22936 154800
22945 154800
22954 154800
22963 154800
22969 154800
22977 154800
22985 154800
22994 154800
23004 154800
23012 154800
23021 154800
23031 154800
23039 154800
23048 154800
23055 154800
23063 154800
23071 154800
23078 154800
23086 154800
23093 154800
23100 154800
23109 154800
23115 154800
23120 154800
23127 154800
23128 154800
23136 154800
23145 154800
23153 154800
23160 154800
23170 154800
23177 154800
23188 154800
23196 154800
23205 154800
23215 154800
23221 154800
23230 154800
23239 154800
23248 154800
23257 154800
23264 154800
23274 154800
23282 154800
23292 154800
23301 154800
23309 154800
23317 154800
23326 154800
23334 154800
23343 154800
23349 154800
23355 154800
23363 154800
23371 154800
23378 154800
23387 154800
23396 154800
23405 154800
23414 154800
23424 154800
23431 154800
23440 154800
23448 154800
23451 154800
23459 154800
23467 154800
23475 154800
23484 154800
23492 154800
23500 154800
23508 154800
23517 154800
23526 154800
23532 154800
23540 154800
23550 154800
23559 154800
23568 154800
23578 154800
23586 154800
23595 154800
23603 154800
23610 154800
23619 154800
23629 154800
23637 154800
23646 154800
23654 154800
23662 154800
23670 154800
23680 154800
23690 154800
23698 154800
23704 154800
23712 154800
23721 154800
23730 154800
23739 154800
23740 154800
23748 154800
23756 154800
23764 154800
23773 154800
23783 154800
23791 154800
23801 154800
23809 154800
23819 154800
23829 154800
23837 154800
23844 154800
23852 154800
23861 154800
23868 154800
23878 154800
23885 154800
23893 154800
23903 154800
23911 154800
23920 154800
23928 154800
23936 154800
23944 154800
23952 154800
23962 154800
23971 154800
23980 154800
23990 154800
23999 154800
24004 154800
24010 154800
24018 154800
24027 154800
24035 154800
24044 154800
24055 154800
24065 154800
24075 154800
24082 154800
24092 154800
24101 154800
24108 154800
24117 154800
24126 154800
24135 154800
24141 154800
24149 154800
24157 154800
24164 154800
24171 154800
24179 154800
24189 154800
24194 154800
24203 154800
24213 154800
24221 154800
24231 154800
24238 154800
24246 154800
24252 154800
24262 154800
24266 154800
24274 154800
24283 154800
24292 154800
24299 154800
24307 154800
24312 154800
24318 154800
24327 154800
24335 154800
24342 154800
24347 154800
24355 154800
24365 154800
24373 154800
24382 154800
24390 154800
24398 154800
24405 154800
24413 154800
24421 154800
24429 154800
24438 154800
24447 154800
24455 154800
24463 154800
24473 154800
24483 154800
24493 154800
24503 154800
24514 154800
24523 154800
24528 154800
24538 154800
24546 154800
24554 154800
24563 154800
24571 154800
24580 154800
24588 154800
24597 154800
24605 154800
24614 154800
24622 154800
24632 154800
24636 154800
24643 154800
24651 154800
24657 154800
24665 154800
24673 154800
24683 154800
24691 154800
24696 154800
24706 154800
24716 154800
24723 154800
24731 154800
24737 154800
24744 154800
24754 154800
24762 154800
24771 154800
24779 154800
24789 154800
24799 154800
24808 154800
24814 154800
24823 154800
24833 154800
24841 154800
24849 154800
24858 154800
24867 154800
24872 154800
24880 154800
24888 154800
24897 154800
24907 154800
24915 154800
24923 154800
24932 154800
24941 154800
24952 154800
24961 154800
24971 154800
24980 154800
24989 154800
24998 154800
25006 154800
25011 154800
25019 154800
25026 154800
25034 154800
25043 154800
25054 154800
25064 154800
25074 154800
25082 154800
25092 154800
25101 154800
25110 154800
25118 154800
25127 154800
25137 154800
25143 154800
25153 154800
25161 154800
25169 154800
25177 154800
25184 154800
25194 154800
25200 154800
25210 154800
25219 154800
25228 154800
25237 154800
25246 154800
25255 154800
25263 154800
25273 154800
25282 154800
25289 154800
25298 154800
25305 154800
25314 154800
25322 154800
25331 154800
25341 154800
25349 154800
25356 154800
25364 154800
25371 154800
25378 154800
25388 154800
25399 154800
25408 154800
25418 154800
25423 154800
25427 154800
25436 154800
25444 154800
25450 154800
25458 154800
25467 154800
25476 154800
25485 154800
25491 154800
25500 154800
25508 154800
25512 154800
25520 154800
25528 154800
25534 154800
25543 154800
25551 154800
25560 154800
25568 154800
25577 154800
25586 154800
25595 154800
25605 154800
25613 154800
25622 154800
25631 154800
25641 154800
25649 154800
25658 154800
25667 154800
25678 154800
25687 154800
25697 154800
25703 154800
25713 154800
25723 154800
25732 154800
25742 154800
25743 154800
25753 154800
25761 154800
25770 154800
25777 154800
25783 154800
25786 154800
25795 154800
25804 154800
25813 154800
25821 154800
25830 154800
25839 154800
25847 154800
25856 154800
25863 154800
25873 154800
25879 154800
25884 154800
25893 154800
25903 154800
25912 154800
25921 154800
25927 154800
25936 154800
25943 154800
25952 154800
25959 154800
25966 154800
25976 154800
25980 154800
25988 154800
25999 154800
26009 154800
26017 154800
26024 154800
26033 154800
26041 154800
26049 154800
26059 154800
26068 154800
26076 154800
26085 154800
26094 154800
26102 154800
26111 154800
26120 154800
26129 154800
26139 154800
26145 154800
26154 154800
26163 154800
26172 154800
26179 154800
26188 154800
26195 154800
26203 154800
26212 154800
26213 154800
26222 154800
26232 154800
26240 154800
26249 154800
26255 154800
26263 154800
26274 154800
26282 154800
26289 154800
26298 154800
26307 154800
26317 154800
26325 154800
26332 154800
26342 154800
26351 154800
26360 154800
26369 154800
26378 154800
26388 154800
26398 154800
26407 154800
26415 154800
26424 154800
26432 154800
26438 154800
26446 154800
26453 154800
26457 154800
26467 154800
26475 154800
26486 154800
26493 154800
26501 154800
26509 154800
26518 154800
26527 154800
26533 154800
26541 154800
26549 154800
26559 154800
26568 154800
26576 154800
26584 154800
26589 154800
26594 154800
26602 154800
26612 154800
26622 154800
26630 154800
26637 154800
26647 154800
26657 154800
26665 154800
26674 154800
26683 154800
26692 154800
26700 154800
26708 154800
