0 0
3 0
8 0
15 0
18 0
23 0
30 0
39 0
44 0
53 0
64 0
75 0
82 0
95 0
102 0
111 0
122 0
135 0
148 0
163 0
168 0
175 0
190 0
205 0
214 0
223 0
234 0
243 0
258 0
269 0
282 0
295 0
306 0
319 0
330 0
347 0
362 0
375 0
390 0
401 0
410 0
423 0
440 0
459 0
474 0
491 0
508 0
519 0
530 0
541 0
554 0
561 0
576 0
593 0
612 0
633 0
654 0
671 0
680 0
697 0
712 0
733 0
752 0
767 0
780 0
793 0
810 0
827 0
846 0
861 0
878 0
897 0
916 0
929 0
938 0
951 0
966 0
981 0
994 0
1003 0
1024 0
1039 0
1056 0
1079 0
1092 0
1105 0
1118 0
1133 0
1144 0
1163 0
1180 0
1201 0
1208 0
1229 0
1248 0
1259 0
1278 0
1297 0
1318 0
1329 0
1335 0
1341 0
1348 0
1353 0
1360 0
1366 0
1372 0
1377 0
1378 0
1384 0
1388 0
1391 0
1401 0
1411 0
1413 0
1417 0
1423 0
1432 0
1438 0
1446 0
1450 0
1456 0
1460 0
1460 0
1466 0
1468 0
1476 0
1480 0
1487 0
1492 0
1498 0
1501 0
1504 0
1511 0
1517 0
1523 0
1527 0
1534 0
1544 0
1547 0
1553 0
1561 0
1567 0
1572 0
1575 0
1579 0
1586 0
1593 0
1601 0
1609 0
1615 0
1623 0
1631 0
1641 0
1648 0
1658 0
1667 0
1672 0
1678 0
1684 0
1687 0
1691 0
1698 0
1705 0
1714 0
1722 0
1729 0
1735 0
1738 0
1741 0
1749 0
1758 0
1763 0
1772 0
1777 0
1783 0
1787 0
1793 0
1798 0
1805 0
1813 0
1815 0
1825 0
1832 0
1837 0
1846 0
1854 0
1861 0
1868 0
1871 0
1878 0
1888 0
1895 0
1904 0
1909 0
1913 0
1914 0
1923 0
1930 0
1936 0
